<?xml version="1.0" encoding="UTF-8" ?>
<testsuite failures="0" time="0.012" errors="1" skipped="0" tests="1" name="bdd.gherkin.demo.AppTest">
  <properties>
[...]
</properties>
  <testcase time="0.012" classname="bdd.gherkin.demo.AppTest" name="initializationError">
    <error message="Failed to create scenario runner" type="cucumber.runtime.CucumberException">cucumber.runtime.CucumberException: Failed to create scenario runner
	at cucumber.runtime.junit.FeatureRunner.buildFeatureElementRunners(FeatureRunner.java:85)
	at cucumber.runtime.junit.FeatureRunner.&lt;init&gt;(FeatureRunner.java:31)
	at cucumber.api.junit.Cucumber.addChildren(Cucumber.java:95)
	at cucumber.api.junit.Cucumber.&lt;init&gt;(Cucumber.java:67)
	at sun.reflect.NativeConstructorAccessorImpl.newInstance0(Native Method)
	at sun.reflect.NativeConstructorAccessorImpl.newInstance(NativeConstructorAccessorImpl.java:39)
	at sun.reflect.DelegatingConstructorAccessorImpl.newInstance(DelegatingConstructorAccessorImpl.java:27)
	at java.lang.reflect.Constructor.newInstance(Constructor.java:513)
	at org.junit.internal.builders.AnnotatedBuilder.buildRunner(AnnotatedBuilder.java:104)
	at org.junit.internal.builders.AnnotatedBuilder.runnerForClass(AnnotatedBuilder.java:86)
	at org.junit.runners.model.RunnerBuilder.safeRunnerForClass(RunnerBuilder.java:59)
	at org.junit.internal.builders.AllDefaultPossibilitiesBuilder.runnerForClass(AllDefaultPossibilitiesBuilder.java:26)
	at org.junit.runners.model.RunnerBuilder.safeRunnerForClass(RunnerBuilder.java:59)
	at org.junit.internal.requests.ClassRequest.getRunner(ClassRequest.java:33)
	at org.apache.maven.surefire.junit4.JUnit4Provider.execute(JUnit4Provider.java:250)
	at org.apache.maven.surefire.junit4.JUnit4Provider.executeTestSet(JUnit4Provider.java:141)
	at org.apache.maven.surefire.junit4.JUnit4Provider.invoke(JUnit4Provider.java:112)
	at sun.reflect.NativeMethodAccessorImpl.invoke0(Native Method)
	at sun.reflect.NativeMethodAccessorImpl.invoke(NativeMethodAccessorImpl.java:39)
	at sun.reflect.DelegatingMethodAccessorImpl.invoke(DelegatingMethodAccessorImpl.java:25)
	at java.lang.reflect.Method.invoke(Method.java:597)
	at org.apache.maven.surefire.util.ReflectionUtils.invokeMethodWithArray(ReflectionUtils.java:189)
	at org.apache.maven.surefire.booter.ProviderFactory$ProviderProxy.invoke(ProviderFactory.java:165)
	at org.apache.maven.surefire.booter.ProviderFactory.invokeProvider(ProviderFactory.java:85)
	at org.apache.maven.surefire.booter.ForkedBooter.runSuitesInProcess(ForkedBooter.java:115)
	at org.apache.maven.surefire.booter.ForkedBooter.main(ForkedBooter.java:75)
Caused by: org.junit.runners.model.InitializationError
	at org.junit.runners.ParentRunner.validate(ParentRunner.java:418)
	at org.junit.runners.ParentRunner.&lt;init&gt;(ParentRunner.java:84)
	at org.junit.runners.Suite.&lt;init&gt;(Suite.java:112)
	at cucumber.runtime.junit.ExamplesRunner.&lt;init&gt;(ExamplesRunner.java:19)
	at cucumber.runtime.junit.ScenarioOutlineRunner.&lt;init&gt;(ScenarioOutlineRunner.java:21)
	at cucumber.runtime.junit.FeatureRunner.buildFeatureElementRunners(FeatureRunner.java:81)
	... 25 more
</error>
  </testcase>
</testsuite>